[2m19:31:48[22m [34m[@astrojs/netlify][39m Enabling sessions with Netlify Blobs
[vite] connected.
[2m19:31:50[22m [34m[vite][39m Environment loaded
[2m19:31:50[22m [34m[vite][39m Middleware loaded. Emulating features: aiGateway, blobs, edgeFunctions, functions, geolocation, headers, images, redirects, static.
[2m19:31:50[22m [34m[vite][39m 💭 Linking this project to a Netlify site lets you deploy your site, use any environment variables defined on your team and site and much more. Run npx netlify init to get started.
[2m19:31:50[22m [34m[types][39m Generated [2m2ms[22m
[33m[1m19:31:50[22m [WARN] [content][39m Content config not loaded
[33m[1m19:31:50[22m [WARN] [vite][39m [36m[plugin:astro:scripts] [39m[33mcontext method [1memitFile()[22m is not supported in serve mode. This plugin is likely not vite-compatible.[39m
[2m19:31:50[22m [34m[vite][39m Re-optimizing dependencies because vite config has changed
[42m[1m astro [22m[49m [32mv6.0.8[39m [2mready in[22m 5478 [2mms[22m
[2m┃[22m Local    [36mhttp://127.0.0.1:4323/[39m
[2m19:31:51[22m [32mwatching for file changes...[39m

[35m
[Clerk]:[0m You are running in keyless mode.
You can [35mclaim your keys[0m by visiting https://dashboard.clerk.com/apps/claim?framework=astro&token=kl0fmv0pwlgcvourex8bggz8s6zfqpaqmlzpfegs

[2m19:32:12[22m [34m[200][39m / [2m1471ms[22m
[2m19:33:01[22m [33m[307][39m / [2m6ms[22m
[2m19:33:02[22m [33m[307][39m / [2m307ms[22m
[2m19:33:02[22m [34m[200][39m / [2m17ms[22m
[2m19:33:02[22m [34m[vite][39m [32m✨ new dependencies optimized: [33m@clerk/astro/internal, alpinejs, astro/runtime/client/dev-toolbar/entrypoint.js[32m[39m
[2m19:33:02[22m [34m[vite][39m [32m✨ optimized dependencies changed. reloading[39m
[2m19:33:02[22m [34m[200][39m / [2m16ms[22m
[2m19:34:42[22m [33m[307][39m / [2m9ms[22m
[2m19:34:42[22m [34m[200][39m / [2m24ms[22m
[2m19:38:28[22m [33m[307][39m / [2m2ms[22m
[2m19:38:29[22m [33m[307][39m / [2m284ms[22m
[2m19:38:29[22m [34m[200][39m / [2m8ms[22m
[2m19:40:16[22m [33m[307][39m / [2m4ms[22m
[2m19:40:17[22m [33m[307][39m / [2m4ms[22m
[2m19:40:17[22m [34m[200][39m / [2m12ms[22m
[2m19:40:26[22m [34m[200][39m /bookmarks [2m23ms[22m
[2m19:40:34[22m [34m[200][39m / [2m18ms[22m
