0 verbose cli C:\Program Files\nodejs\node.exe C:\Program Files\nodejs\node_modules\npm\bin\npm-cli.js
1 info using npm@11.10.1
2 info using node@v25.7.0
3 silly config load:file:C:\Program Files\nodejs\node_modules\npm\npmrc
4 silly config load:file:C:\Users\DeAnna\Desktop\AI-First\workspace01\RecipeSuggest\.npmrc
5 silly config load:file:C:\Users\DeAnna\.npmrc
6 silly config load:file:C:\Users\DeAnna\AppData\Roaming\npm\etc\npmrc
7 verbose title npm exec node -p process.version
8 verbose argv "exec" "--package" "node@22" "--" "node" "-p" "process.version"
9 verbose logfile logs-max:10 dir:C:\Users\DeAnna\Desktop\AI-First\workspace01\RecipeSuggest\.npm-cache\_logs\2026-03-26T05_19_51_827Z-
10 verbose logfile C:\Users\DeAnna\Desktop\AI-First\workspace01\RecipeSuggest\.npm-cache\_logs\2026-03-26T05_19_51_827Z-debug-0.log
11 silly logfile done cleaning log files
12 silly packumentCache heap:4496293888 maxSize:1124073472 maxEntrySize:562036736
13 http fetch GET 200 https://registry.npmjs.org/node 164ms (cache miss)
14 silly packumentCache heap:4496293888 maxSize:1124073472 maxEntrySize:562036736
15 warn exec The following package was not found and will be installed: node@22.22.2
16 silly idealTree buildDeps
17 silly fetch manifest node@22.22.2
18 silly packumentCache full:https://registry.npmjs.org/node cache-miss
19 http fetch GET 200 https://registry.npmjs.org/node 62ms (cache miss)
20 silly packumentCache full:https://registry.npmjs.org/node set size:undefined disposed:false
21 silly placeDep ROOT node@22.22.2 OK for:  want: 22.22.2
22 silly fetch manifest node-bin-setup@^1.0.0
23 silly packumentCache full:https://registry.npmjs.org/node-bin-setup cache-miss
24 http fetch GET 200 https://registry.npmjs.org/node-bin-setup 34ms (cache miss)
25 silly packumentCache full:https://registry.npmjs.org/node-bin-setup set size:undefined disposed:false
26 silly placeDep ROOT node-bin-setup@1.1.4 OK for: node@22.22.2 want: ^1.0.0
27 silly reify moves {}
28 silly audit bulk request { node: [ '22.22.2' ], 'node-bin-setup': [ '1.1.4' ] }
29 http cache node@https://registry.npmjs.org/node/-/node-22.22.2.tgz 0ms (cache hit)
30 http cache node-bin-setup@https://registry.npmjs.org/node-bin-setup/-/node-bin-setup-1.1.4.tgz 0ms (cache hit)
31 silly tarball no local data for node@https://registry.npmjs.org/node/-/node-22.22.2.tgz. Extracting by manifest.
32 silly tarball no local data for node-bin-setup@https://registry.npmjs.org/node-bin-setup/-/node-bin-setup-1.1.4.tgz. Extracting by manifest.
33 http fetch POST 200 https://registry.npmjs.org/-/npm/v1/security/advisories/bulk 40ms
34 silly audit report {}
35 http fetch GET 200 https://registry.npmjs.org/node-bin-setup/-/node-bin-setup-1.1.4.tgz 112ms (cache miss)
36 http fetch GET 200 https://registry.npmjs.org/node/-/node-22.22.2.tgz 130ms (cache miss)
37 info run node@22.22.2 preinstall node_modules/node node installArchSpecificPackage
38 info run node@22.22.2 preinstall { code: 'EPERM', signal: undefined }
39 verbose stack Error: spawn EPERM
39 verbose stack     at ChildProcess.spawn (node:internal/child_process:420:11)
39 verbose stack     at spawn (node:child_process:796:9)
39 verbose stack     at promiseSpawn (C:\Program Files\nodejs\node_modules\npm\node_modules\@npmcli\promise-spawn\lib\index.js:39:16)
39 verbose stack     at spawnWithShell (C:\Program Files\nodejs\node_modules\npm\node_modules\@npmcli\promise-spawn\lib\index.js:124:10)
39 verbose stack     at promiseSpawn (C:\Program Files\nodejs\node_modules\npm\node_modules\@npmcli\promise-spawn\lib\index.js:12:12)
39 verbose stack     at runScriptPkg (C:\Program Files\nodejs\node_modules\npm\node_modules\@npmcli\run-script\lib\run-script-pkg.js:79:13)
39 verbose stack     at runScript (C:\Program Files\nodejs\node_modules\npm\node_modules\@npmcli\run-script\lib\run-script.js:9:12)
39 verbose stack     at C:\Program Files\nodejs\node_modules\npm\node_modules\@npmcli\arborist\lib\arborist\rebuild.js:327:17
39 verbose stack     at run (C:\Program Files\nodejs\node_modules\npm\node_modules\promise-call-limit\dist\commonjs\index.js:67:22)
39 verbose stack     at C:\Program Files\nodejs\node_modules\npm\node_modules\promise-call-limit\dist\commonjs\index.js:84:9
40 error code EPERM
41 error syscall spawn
42 error errno -4048
43 error Error: spawn EPERM
43 error     at ChildProcess.spawn (node:internal/child_process:420:11)
43 error     at spawn (node:child_process:796:9)
43 error     at promiseSpawn (C:\Program Files\nodejs\node_modules\npm\node_modules\@npmcli\promise-spawn\lib\index.js:39:16)
43 error     at spawnWithShell (C:\Program Files\nodejs\node_modules\npm\node_modules\@npmcli\promise-spawn\lib\index.js:124:10)
43 error     at promiseSpawn (C:\Program Files\nodejs\node_modules\npm\node_modules\@npmcli\promise-spawn\lib\index.js:12:12)
43 error     at runScriptPkg (C:\Program Files\nodejs\node_modules\npm\node_modules\@npmcli\run-script\lib\run-script-pkg.js:79:13)
43 error     at runScript (C:\Program Files\nodejs\node_modules\npm\node_modules\@npmcli\run-script\lib\run-script.js:9:12)
43 error     at C:\Program Files\nodejs\node_modules\npm\node_modules\@npmcli\arborist\lib\arborist\rebuild.js:327:17
43 error     at run (C:\Program Files\nodejs\node_modules\npm\node_modules\promise-call-limit\dist\commonjs\index.js:67:22)
43 error     at C:\Program Files\nodejs\node_modules\npm\node_modules\promise-call-limit\dist\commonjs\index.js:84:9 {
43 error   errno: -4048,
43 error   code: 'EPERM',
43 error   syscall: 'spawn'
43 error }
44 error
44 error The operation was rejected by your operating system.
44 error It's possible that the file was already in use (by a text editor or antivirus),
44 error or that you lack permissions to access it.
44 error
44 error If you believe this might be a permissions issue, please double-check the
44 error permissions of the file and its containing directories, or try running
44 error the command again as root/Administrator.
45 silly unfinished npm timer reify 1774502392427
46 silly unfinished npm timer reify:build 1774502392686
47 silly unfinished npm timer build 1774502392686
48 silly unfinished npm timer build:deps 1774502392686
49 silly unfinished npm timer build:run:preinstall 1774502392687
50 silly unfinished npm timer build:run:preinstall:node_modules/node 1774502392687
51 verbose cwd C:\Users\DeAnna\Desktop\AI-First\workspace01\RecipeSuggest
52 verbose os Windows_NT 10.0.26200
53 verbose node v25.7.0
54 verbose npm  v11.10.1
55 verbose exit -4048
56 verbose code -4048
57 error A complete log of this run can be found in: C:\Users\DeAnna\Desktop\AI-First\workspace01\RecipeSuggest\.npm-cache\_logs\2026-03-26T05_19_51_827Z-debug-0.log
