0 verbose cli C:\Program Files\nodejs\node.exe C:\Program Files\nodejs\node_modules\npm\bin\npm-cli.js
1 info using npm@11.10.1
2 info using node@v25.7.0
3 silly config load:file:C:\Program Files\nodejs\node_modules\npm\npmrc
4 silly config load:file:C:\Users\DeAnna\Desktop\AI-First\workspace01\RecipeSuggest\.npmrc
5 silly config load:file:C:\Users\DeAnna\.npmrc
6 silly config load:file:C:\Users\DeAnna\AppData\Roaming\npm\etc\npmrc
7 verbose title npm exec node -p process.version
8 verbose argv "exec" "--package" "node@22" "--" "node" "-p" "process.version"
9 verbose logfile logs-max:10 dir:C:\Users\DeAnna\Desktop\AI-First\workspace01\RecipeSuggest\.npm-cache\_logs\2026-03-26T05_21_03_532Z-
10 verbose logfile C:\Users\DeAnna\Desktop\AI-First\workspace01\RecipeSuggest\.npm-cache\_logs\2026-03-26T05_21_03_532Z-debug-0.log
11 silly logfile done cleaning log files
12 silly packumentCache heap:4496293888 maxSize:1124073472 maxEntrySize:562036736
13 http fetch GET 200 https://registry.npmjs.org/node 128ms (cache revalidated)
14 silly packumentCache heap:4496293888 maxSize:1124073472 maxEntrySize:562036736
15 warn exec The following package was not found and will be installed: node@22.22.2
16 silly idealTree buildDeps
17 silly fetch manifest node@22.22.2
18 silly packumentCache full:https://registry.npmjs.org/node cache-miss
19 http cache https://registry.npmjs.org/node 10ms (cache hit)
20 silly packumentCache full:https://registry.npmjs.org/node set size:1290572 disposed:false
21 silly placeDep ROOT node@22.22.2 OK for:  want: 22.22.2
22 silly fetch manifest node-bin-setup@^1.0.0
23 silly packumentCache full:https://registry.npmjs.org/node-bin-setup cache-miss
24 http cache https://registry.npmjs.org/node-bin-setup 9ms (cache hit)
25 silly packumentCache full:https://registry.npmjs.org/node-bin-setup set size:17527 disposed:false
26 silly placeDep ROOT node-bin-setup@1.1.4 OK for: node@22.22.2 want: ^1.0.0
27 silly reify moves {}
28 silly audit bulk request { node: [ '22.22.2' ], 'node-bin-setup': [ '1.1.4' ] }
29 http cache node-bin-setup@https://registry.npmjs.org/node-bin-setup/-/node-bin-setup-1.1.4.tgz 0ms (cache hit)
30 http cache node@https://registry.npmjs.org/node/-/node-22.22.2.tgz 0ms (cache hit)
31 info run node@22.22.2 preinstall node_modules/node node installArchSpecificPackage
32 http fetch POST 200 https://registry.npmjs.org/-/npm/v1/security/advisories/bulk 70ms
33 silly audit report {}
34 info run node@22.22.2 preinstall { code: 0, signal: null }
35 verbose cwd C:\Users\DeAnna\Desktop\AI-First\workspace01\RecipeSuggest
36 verbose os Windows_NT 10.0.26200
37 verbose node v25.7.0
38 verbose npm  v11.10.1
39 verbose exit 0
40 info ok
